20-Nov-2019 20:37:24.120 信息 [main] org.apache.catalina.startup.VersionLoggerListener.log Server version:        Apache Tomcat/8.5.45
20-Nov-2019 20:37:24.136 信息 [main] org.apache.catalina.startup.VersionLoggerListener.log Server built:          Aug 14 2019 22:21:25 UTC
20-Nov-2019 20:37:24.136 信息 [main] org.apache.catalina.startup.VersionLoggerListener.log Server number:         8.5.45.0
20-Nov-2019 20:37:24.136 信息 [main] org.apache.catalina.startup.VersionLoggerListener.log OS Name:               Windows 10
20-Nov-2019 20:37:24.136 信息 [main] org.apache.catalina.startup.VersionLoggerListener.log OS Version:            10.0
20-Nov-2019 20:37:24.136 信息 [main] org.apache.catalina.startup.VersionLoggerListener.log Architecture:          amd64
20-Nov-2019 20:37:24.136 信息 [main] org.apache.catalina.startup.VersionLoggerListener.log Java Home:             C:\Program Files\Java\jdk-12.0.1
20-Nov-2019 20:37:24.136 信息 [main] org.apache.catalina.startup.VersionLoggerListener.log JVM Version:           12.0.1+12
20-Nov-2019 20:37:24.136 信息 [main] org.apache.catalina.startup.VersionLoggerListener.log JVM Vendor:            Oracle Corporation
20-Nov-2019 20:37:24.136 信息 [main] org.apache.catalina.startup.VersionLoggerListener.log CATALINA_BASE:         D:\TomcatLearn\apache-tomcat-8.5.45
20-Nov-2019 20:37:24.136 信息 [main] org.apache.catalina.startup.VersionLoggerListener.log CATALINA_HOME:         D:\TomcatLearn\apache-tomcat-8.5.45
20-Nov-2019 20:37:24.136 信息 [main] org.apache.catalina.startup.VersionLoggerListener.log Command line argument: --add-opens=java.base/java.lang=ALL-UNNAMED
20-Nov-2019 20:37:24.136 信息 [main] org.apache.catalina.startup.VersionLoggerListener.log Command line argument: --add-opens=java.base/java.io=ALL-UNNAMED
20-Nov-2019 20:37:24.136 信息 [main] org.apache.catalina.startup.VersionLoggerListener.log Command line argument: --add-opens=java.rmi/sun.rmi.transport=ALL-UNNAMED
20-Nov-2019 20:37:24.136 信息 [main] org.apache.catalina.startup.VersionLoggerListener.log Command line argument: -Djava.util.logging.config.file=D:\TomcatLearn\apache-tomcat-8.5.45\conf\logging.properties
20-Nov-2019 20:37:24.136 信息 [main] org.apache.catalina.startup.VersionLoggerListener.log Command line argument: -Djava.util.logging.manager=org.apache.juli.ClassLoaderLogManager
20-Nov-2019 20:37:24.136 信息 [main] org.apache.catalina.startup.VersionLoggerListener.log Command line argument: -Djdk.tls.ephemeralDHKeySize=2048
20-Nov-2019 20:37:24.136 信息 [main] org.apache.catalina.startup.VersionLoggerListener.log Command line argument: -Djava.protocol.handler.pkgs=org.apache.catalina.webresources
20-Nov-2019 20:37:24.136 信息 [main] org.apache.catalina.startup.VersionLoggerListener.log Command line argument: -Dignore.endorsed.dirs=
20-Nov-2019 20:37:24.136 信息 [main] org.apache.catalina.startup.VersionLoggerListener.log Command line argument: -Dcatalina.base=D:\TomcatLearn\apache-tomcat-8.5.45
20-Nov-2019 20:37:24.136 信息 [main] org.apache.catalina.startup.VersionLoggerListener.log Command line argument: -Dcatalina.home=D:\TomcatLearn\apache-tomcat-8.5.45
20-Nov-2019 20:37:24.136 信息 [main] org.apache.catalina.startup.VersionLoggerListener.log Command line argument: -Djava.io.tmpdir=D:\TomcatLearn\apache-tomcat-8.5.45\temp
20-Nov-2019 20:37:24.136 信息 [main] org.apache.catalina.core.AprLifecycleListener.lifecycleEvent The APR based Apache Tomcat Native library which allows optimal performance in production environments was not found on the java.library.path: [C:\Program Files\Java\jdk-12.0.1\bin;C:\Windows\Sun\Java\bin;C:\Windows\system32;C:\Windows;C:\Program Files (x86)\Common Files\Oracle\Java\javapath;C:\Windows\system32;C:\Windows;C:\Windows\System32\Wbem;C:\Windows\System32\WindowsPowerShell\v1.0\;C:\Windows\System32\OpenSSH\;C:\Program Files\NVIDIA Corporation\NVIDIA NGX;C:\Program Files (x86)\NVIDIA Corporation\PhysX\Common;C:\Program Files\NVIDIA Corporation\NVIDIA NvDLISR;C:\Program Files\Java\jdk-12.0.1\bin;C:\Program Files\Java\jdk-12.0.1\jre\bin;D:\Git\cmd;C:\Program Files\nodejs\;%GOROOT%\bin;D:\GridLAB-D\lib;D:\GridLAB-D\bin;C:\GnuPlot\bin;C:\Program Files\dotnet\;C:\Program Files\Geth;C:\mingw64\bin;C:\cmake-3.15.1-win64-x64\bin;D:\work;C:\Python27;C:\Go\bin;D:\SciTools\bin\pc-win64;C:\Program Files\MySQL\MySQL Server 5.5\bin;D:\Matlab2018a\runtime\win64;D:\Matlab2018a\bin;D:\maven\apache-maven-3.6.2\bin;C:\Users\ZQ\AppData\Local\Microsoft\WindowsApps;C:\Users\ZQ\AppData\Roaming\npm;C:\Program Files\Geth;C:\mingw64\bin;C:\Users\ZQ\go\bin;C:\Program Files\MySQL\MySQL Server 5.5\bin;;D:\PyCharm 2019.2\bin;;.]
20-Nov-2019 20:37:24.163 信息 [main] org.apache.coyote.AbstractProtocol.init Initializing ProtocolHandler ["http-nio-8080"]
20-Nov-2019 20:37:24.221 信息 [main] org.apache.tomcat.util.net.NioSelectorPool.getSharedSelector Using a shared selector for servlet write/read
20-Nov-2019 20:37:24.236 信息 [main] org.apache.coyote.AbstractProtocol.init Initializing ProtocolHandler ["ajp-nio-8009"]
20-Nov-2019 20:37:24.236 信息 [main] org.apache.tomcat.util.net.NioSelectorPool.getSharedSelector Using a shared selector for servlet write/read
20-Nov-2019 20:37:24.236 信息 [main] org.apache.catalina.startup.Catalina.load Initialization processed in 400 ms
20-Nov-2019 20:37:24.270 信息 [main] org.apache.catalina.core.StandardService.startInternal Starting service [Catalina]
20-Nov-2019 20:37:24.270 信息 [main] org.apache.catalina.core.StandardEngine.startInternal Starting Servlet Engine: Apache Tomcat/8.5.45
20-Nov-2019 20:37:24.564 信息 [localhost-startStop-1] org.apache.jasper.servlet.TldScanner.scanJars At least one JAR was scanned for TLDs yet contained no TLDs. Enable debug logging for this logger for a complete list of JARs that were scanned but no TLDs were found in them. Skipping unneeded JARs during scanning can improve startup time and JSP compilation time.
20-Nov-2019 20:37:24.580 严重 [localhost-startStop-1] org.apache.catalina.core.StandardContext.startInternal One or more listeners failed to start. Full details will be found in the appropriate container log file
20-Nov-2019 20:37:24.612 严重 [localhost-startStop-1] org.apache.catalina.core.StandardContext.startInternal Context [/TomcatLearn] startup failed due to previous errors
20-Nov-2019 20:37:24.627 信息 [localhost-startStop-1] org.apache.catalina.startup.HostConfig.deployDirectory Deploying web application directory [D:\TomcatLearn\apache-tomcat-8.5.45\webapps\docs]
20-Nov-2019 20:37:24.651 信息 [localhost-startStop-1] org.apache.catalina.startup.HostConfig.deployDirectory Deployment of web application directory [D:\TomcatLearn\apache-tomcat-8.5.45\webapps\docs] has finished in [16] ms
20-Nov-2019 20:37:24.651 信息 [localhost-startStop-1] org.apache.catalina.startup.HostConfig.deployDirectory Deploying web application directory [D:\TomcatLearn\apache-tomcat-8.5.45\webapps\Dotation_war]
20-Nov-2019 20:37:24.651 信息 [localhost-startStop-1] org.apache.catalina.startup.HostConfig.deployDirectory Deployment of web application directory [D:\TomcatLearn\apache-tomcat-8.5.45\webapps\Dotation_war] has finished in [0] ms
20-Nov-2019 20:37:24.651 信息 [localhost-startStop-1] org.apache.catalina.startup.HostConfig.deployDirectory Deploying web application directory [D:\TomcatLearn\apache-tomcat-8.5.45\webapps\Dotation_war_exploded]
20-Nov-2019 20:37:24.681 警告 [localhost-startStop-1] org.apache.tomcat.util.descriptor.web.WebXml.setVersion Unknown version string [4.0]. Default version will be used.
20-Nov-2019 20:37:24.797 信息 [localhost-startStop-1] org.apache.jasper.servlet.TldScanner.scanJars At least one JAR was scanned for TLDs yet contained no TLDs. Enable debug logging for this logger for a complete list of JARs that were scanned but no TLDs were found in them. Skipping unneeded JARs during scanning can improve startup time and JSP compilation time.
20-Nov-2019 20:37:24.797 信息 [localhost-startStop-1] org.apache.catalina.startup.HostConfig.deployDirectory Deployment of web application directory [D:\TomcatLearn\apache-tomcat-8.5.45\webapps\Dotation_war_exploded] has finished in [146] ms
20-Nov-2019 20:37:24.797 信息 [localhost-startStop-1] org.apache.catalina.startup.HostConfig.deployDirectory Deploying web application directory [D:\TomcatLearn\apache-tomcat-8.5.45\webapps\examples]
20-Nov-2019 20:37:25.033 信息 [localhost-startStop-1] org.apache.catalina.startup.HostConfig.deployDirectory Deployment of web application directory [D:\TomcatLearn\apache-tomcat-8.5.45\webapps\examples] has finished in [236] ms
20-Nov-2019 20:37:25.033 信息 [localhost-startStop-1] org.apache.catalina.startup.HostConfig.deployDirectory Deploying web application directory [D:\TomcatLearn\apache-tomcat-8.5.45\webapps\host-manager]
20-Nov-2019 20:37:25.052 信息 [localhost-startStop-1] org.apache.catalina.startup.HostConfig.deployDirectory Deployment of web application directory [D:\TomcatLearn\apache-tomcat-8.5.45\webapps\host-manager] has finished in [19] ms
20-Nov-2019 20:37:25.052 信息 [localhost-startStop-1] org.apache.catalina.startup.HostConfig.deployDirectory Deploying web application directory [D:\TomcatLearn\apache-tomcat-8.5.45\webapps\manager]
20-Nov-2019 20:37:25.067 信息 [localhost-startStop-1] org.apache.catalina.startup.HostConfig.deployDirectory Deployment of web application directory [D:\TomcatLearn\apache-tomcat-8.5.45\webapps\manager] has finished in [15] ms
20-Nov-2019 20:37:25.067 信息 [localhost-startStop-1] org.apache.catalina.startup.HostConfig.deployDirectory Deploying web application directory [D:\TomcatLearn\apache-tomcat-8.5.45\webapps\MyTomcatLearnDemo_war]
20-Nov-2019 20:37:25.083 信息 [localhost-startStop-1] org.apache.catalina.startup.HostConfig.deployDirectory Deployment of web application directory [D:\TomcatLearn\apache-tomcat-8.5.45\webapps\MyTomcatLearnDemo_war] has finished in [16] ms
20-Nov-2019 20:37:25.083 信息 [localhost-startStop-1] org.apache.catalina.startup.HostConfig.deployDirectory Deploying web application directory [D:\TomcatLearn\apache-tomcat-8.5.45\webapps\MyTomcatLearnDemo_war_exploded]
20-Nov-2019 20:37:25.253 信息 [localhost-startStop-1] org.apache.jasper.servlet.TldScanner.scanJars At least one JAR was scanned for TLDs yet contained no TLDs. Enable debug logging for this logger for a complete list of JARs that were scanned but no TLDs were found in them. Skipping unneeded JARs during scanning can improve startup time and JSP compilation time.
20-Nov-2019 20:37:25.253 信息 [localhost-startStop-1] org.apache.catalina.startup.HostConfig.deployDirectory Deployment of web application directory [D:\TomcatLearn\apache-tomcat-8.5.45\webapps\MyTomcatLearnDemo_war_exploded] has finished in [170] ms
20-Nov-2019 20:37:25.253 信息 [localhost-startStop-1] org.apache.catalina.startup.HostConfig.deployDirectory Deploying web application directory [D:\TomcatLearn\apache-tomcat-8.5.45\webapps\project01_archive]
20-Nov-2019 20:37:25.253 信息 [localhost-startStop-1] org.apache.catalina.startup.HostConfig.deployDirectory Deployment of web application directory [D:\TomcatLearn\apache-tomcat-8.5.45\webapps\project01_archive] has finished in [0] ms
20-Nov-2019 20:37:25.253 信息 [localhost-startStop-1] org.apache.catalina.startup.HostConfig.deployDirectory Deploying web application directory [D:\TomcatLearn\apache-tomcat-8.5.45\webapps\project01_war]
20-Nov-2019 20:37:25.274 信息 [localhost-startStop-1] org.apache.catalina.startup.HostConfig.deployDirectory Deployment of web application directory [D:\TomcatLearn\apache-tomcat-8.5.45\webapps\project01_war] has finished in [21] ms
20-Nov-2019 20:37:25.274 信息 [localhost-startStop-1] org.apache.catalina.startup.HostConfig.deployDirectory Deploying web application directory [D:\TomcatLearn\apache-tomcat-8.5.45\webapps\project01_war_exploded]
20-Nov-2019 20:37:25.278 信息 [localhost-startStop-1] org.apache.catalina.startup.HostConfig.deployDirectory Deployment of web application directory [D:\TomcatLearn\apache-tomcat-8.5.45\webapps\project01_war_exploded] has finished in [4] ms
20-Nov-2019 20:37:25.278 信息 [localhost-startStop-1] org.apache.catalina.startup.HostConfig.deployDirectory Deploying web application directory [D:\TomcatLearn\apache-tomcat-8.5.45\webapps\ROOT]
20-Nov-2019 20:37:25.294 信息 [localhost-startStop-1] org.apache.catalina.startup.HostConfig.deployDirectory Deployment of web application directory [D:\TomcatLearn\apache-tomcat-8.5.45\webapps\ROOT] has finished in [16] ms
20-Nov-2019 20:37:25.294 信息 [localhost-startStop-1] org.apache.catalina.startup.HostConfig.deployDirectory Deploying web application directory [D:\TomcatLearn\apache-tomcat-8.5.45\webapps\SpringMVCLearn_war]
20-Nov-2019 20:37:25.294 信息 [localhost-startStop-1] org.apache.catalina.startup.HostConfig.deployDirectory Deployment of web application directory [D:\TomcatLearn\apache-tomcat-8.5.45\webapps\SpringMVCLearn_war] has finished in [0] ms
20-Nov-2019 20:37:25.294 信息 [localhost-startStop-1] org.apache.catalina.startup.HostConfig.deployDirectory Deploying web application directory [D:\TomcatLearn\apache-tomcat-8.5.45\webapps\SpringMVCLearn_war_exploded]
20-Nov-2019 20:37:25.310 信息 [localhost-startStop-1] org.apache.catalina.startup.HostConfig.deployDirectory Deployment of web application directory [D:\TomcatLearn\apache-tomcat-8.5.45\webapps\SpringMVCLearn_war_exploded] has finished in [16] ms
20-Nov-2019 20:37:25.310 信息 [main] org.apache.coyote.AbstractProtocol.start Starting ProtocolHandler ["http-nio-8080"]
20-Nov-2019 20:37:25.325 信息 [main] org.apache.coyote.AbstractProtocol.start Starting ProtocolHandler ["ajp-nio-8009"]
20-Nov-2019 20:37:25.325 信息 [main] org.apache.catalina.startup.Catalina.start Server startup in 1093 ms
