20-Nov-2019 20:37:24.580 严重 [localhost-startStop-1] org.apache.catalina.core.StandardContext.listenerStart Error configuring application listener of class [com.IceCoLa.Learn.listener.MyListener]
	java.lang.ClassNotFoundException: com.IceCoLa.Learn.listener.MyListener
		at org.apache.catalina.loader.WebappClassLoaderBase.loadClass(WebappClassLoaderBase.java:1360)
		at org.apache.catalina.loader.WebappClassLoaderBase.loadClass(WebappClassLoaderBase.java:1182)
		at org.apache.catalina.core.DefaultInstanceManager.loadClass(DefaultInstanceManager.java:546)
		at org.apache.catalina.core.DefaultInstanceManager.loadClassMaybePrivileged(DefaultInstanceManager.java:527)
		at org.apache.catalina.core.DefaultInstanceManager.newInstance(DefaultInstanceManager.java:150)
		at org.apache.catalina.core.StandardContext.listenerStart(StandardContext.java:4621)
		at org.apache.catalina.core.StandardContext.startInternal(StandardContext.java:5165)
		at org.apache.catalina.util.LifecycleBase.start(LifecycleBase.java:150)
		at org.apache.catalina.core.ContainerBase$StartChild.call(ContainerBase.java:1412)
		at org.apache.catalina.core.ContainerBase$StartChild.call(ContainerBase.java:1402)
		at java.base/java.util.concurrent.FutureTask.run(FutureTask.java:264)
		at java.base/java.util.concurrent.ThreadPoolExecutor.runWorker(ThreadPoolExecutor.java:1128)
		at java.base/java.util.concurrent.ThreadPoolExecutor$Worker.run(ThreadPoolExecutor.java:628)
		at java.base/java.lang.Thread.run(Thread.java:835)
20-Nov-2019 20:37:24.580 严重 [localhost-startStop-1] org.apache.catalina.core.StandardContext.listenerStart Skipped installing application listeners due to previous error(s)
20-Nov-2019 20:37:25.033 信息 [localhost-startStop-1] org.apache.catalina.core.ApplicationContext.log ContextListener: contextInitialized()
20-Nov-2019 20:37:25.033 信息 [localhost-startStop-1] org.apache.catalina.core.ApplicationContext.log SessionListener: contextInitialized()
20-Nov-2019 20:37:25.033 信息 [localhost-startStop-1] org.apache.catalina.core.ApplicationContext.log ContextListener: attributeAdded('StockTicker', 'async.Stockticker@256bf490')
